[    0.000000] Linux version 4.15.0-213-generic (buildd@lcy02-amd64-079) (gcc version 7.5.0 (Ubuntu 7.5.0-3ubuntu1~18.04)) #224-Ubuntu SMP Mon Jun 19 13:30:12 UTC 2023 (Ubuntu 4.15.0-213.224-generic 4.15.18)
[    0.000000] Command line: BOOT_IMAGE=/boot/vmlinuz-4.15.0-213-generic root=UUID=f685bb41-0e3b-40c4-89c1-eea0f0583525 ro console=tty1 console=ttyS0
[    0.000000] KERNEL supported cpus:
[    0.000000]   Intel GenuineIntel
[    0.000000]   AMD AuthenticAMD
[    0.000000]   Centaur CentaurHauls
[    0.000000] [Firmware Bug]: TSC doesn't count with P0 frequency!
[    0.000000] x86/fpu: Supporting XSAVE feature 0x001: 'x87 floating point registers'
[    0.000000] x86/fpu: Supporting XSAVE feature 0x002: 'SSE registers'
[    0.000000] x86/fpu: Supporting XSAVE feature 0x004: 'AVX registers'
[    0.000000] x86/fpu: xstate_offset[2]:  576, xstate_sizes[2]:  256
[    0.000000] x86/fpu: Enabled xstate features 0x7, context size is 832 bytes, using 'standard' format.
[    0.000000] e820: BIOS-provided physical RAM map:
[    0.000000] BIOS-e820: [mem 0x0000000000000000-0x000000000009fbff] usable
[    0.000000] BIOS-e820: [mem 0x000000000009fc00-0x000000000009ffff] reserved
[    0.000000] BIOS-e820: [mem 0x00000000000f0000-0x00000000000fffff] reserved
[    0.000000] BIOS-e820: [mem 0x0000000000100000-0x000000007ffeffff] usable
[    0.000000] BIOS-e820: [mem 0x000000007fff0000-0x000000007fffffff] ACPI data
[    0.000000] BIOS-e820: [mem 0x00000000fec00000-0x00000000fec00fff] reserved
[    0.000000] BIOS-e820: [mem 0x00000000fee00000-0x00000000fee00fff] reserved
[    0.000000] BIOS-e820: [mem 0x00000000fffc0000-0x00000000ffffffff] reserved
[    0.000000] NX (Execute Disable) protection: active
[    0.000000] SMBIOS 2.5 present.
[    0.000000] DMI: innotek GmbH VirtualBox/VirtualBox, BIOS VirtualBox 12/01/2006
[    0.000000] Hypervisor detected: KVM
[    0.000000] e820: last_pfn = 0x7fff0 max_arch_pfn = 0x400000000
[    0.000000] MTRR: Disabled
[    0.000000] x86/PAT: MTRRs disabled, skipping PAT initialization too.
[    0.000000] CPU MTRRs all blank - virtualized system.
[    0.000000] x86/PAT: Configuration [0-7]: WB  WT  UC- UC  WB  WT  UC- UC  
[    0.000000] found SMP MP-table at [mem 0x0009fff0-0x0009ffff]
[    0.000000] Scanning 1 areas for low memory corruption
[    0.000000] RAMDISK: [mem 0x35819000-0x36c03fff]
[    0.000000] ACPI: Early table checksum verification disabled
[    0.000000] ACPI: RSDP 0x00000000000E0000 000024 (v02 VBOX  )
[    0.000000] ACPI: XSDT 0x000000007FFF0030 00003C (v01 VBOX   VBOXXSDT 00000001 ASL  00000061)
[    0.000000] ACPI: FACP 0x000000007FFF00F0 0000F4 (v04 VBOX   VBOXFACP 00000001 ASL  00000061)
[    0.000000] ACPI: DSDT 0x000000007FFF0470 002325 (v02 VBOX   VBOXBIOS 00000002 INTL 20200925)
[    0.000000] ACPI: FACS 0x000000007FFF0200 000040
[    0.000000] ACPI: FACS 0x000000007FFF0200 000040
[    0.000000] ACPI: APIC 0x000000007FFF0240 00005C (v02 VBOX   VBOXAPIC 00000001 ASL  00000061)
[    0.000000] ACPI: SSDT 0x000000007FFF02A0 0001CC (v01 VBOX   VBOXCPUT 00000002 INTL 20200925)
[    0.000000] ACPI: Reserving FACP table memory at [mem 0x7fff00f0-0x7fff01e3]
[    0.000000] ACPI: Reserving DSDT table memory at [mem 0x7fff0470-0x7fff2794]
[    0.000000] ACPI: Reserving FACS table memory at [mem 0x7fff0200-0x7fff023f]
[    0.000000] ACPI: Reserving FACS table memory at [mem 0x7fff0200-0x7fff023f]
[    0.000000] ACPI: Reserving APIC table memory at [mem 0x7fff0240-0x7fff029b]
[    0.000000] ACPI: Reserving SSDT table memory at [mem 0x7fff02a0-0x7fff046b]
[    0.000000] No NUMA configuration found
[    0.000000] Faking a node at [mem 0x0000000000000000-0x000000007ffeffff]
[    0.000000] NODE_DATA(0) allocated [mem 0x7ffc5000-0x7ffeffff]
[    0.000000] kvm-clock: cpu 0, msr 0:7ff44001, primary cpu clock
[    0.000000] kvm-clock: Using msrs 4b564d01 and 4b564d00
[    0.000000] kvm-clock: using sched offset of 3582769652 cycles
[    0.000000] clocksource: kvm-clock: mask: 0xffffffffffffffff max_cycles: 0x1cd42e4dffb, max_idle_ns: 881590591483 ns
[    0.000000] Zone ranges:
[    0.000000]   DMA      [mem 0x0000000000001000-0x0000000000ffffff]
[    0.000000]   DMA32    [mem 0x0000000001000000-0x000000007ffeffff]
[    0.000000]   Normal   empty
[    0.000000]   Device   empty
[    0.000000] Movable zone start for each node
[    0.000000] Early memory node ranges
[    0.000000]   node   0: [mem 0x0000000000001000-0x000000000009efff]
[    0.000000]   node   0: [mem 0x0000000000100000-0x000000007ffeffff]
[    0.000000] Reserved but unavailable: 104 pages
[    0.000000] Initmem setup node 0 [mem 0x0000000000001000-0x000000007ffeffff]
[    0.000000] ACPI: PM-Timer IO Port: 0x4008
[    0.000000] IOAPIC[0]: apic_id 2, version 32, address 0xfec00000, GSI 0-23
[    0.000000] ACPI: INT_SRC_OVR (bus 0 bus_irq 0 global_irq 2 dfl dfl)
[    0.000000] ACPI: INT_SRC_OVR (bus 0 bus_irq 9 global_irq 9 low level)
[    0.000000] Using ACPI (MADT) for SMP configuration information
[    0.000000] smpboot: Allowing 2 CPUs, 0 hotplug CPUs
[    0.000000] PM: Registered nosave memory: [mem 0x00000000-0x00000fff]
[    0.000000] PM: Registered nosave memory: [mem 0x0009f000-0x0009ffff]
[    0.000000] PM: Registered nosave memory: [mem 0x000a0000-0x000effff]
[    0.000000] PM: Registered nosave memory: [mem 0x000f0000-0x000fffff]
[    0.000000] e820: [mem 0x80000000-0xfebfffff] available for PCI devices
[    0.000000] Booting paravirtualized kernel on KVM
[    0.000000] clocksource: refined-jiffies: mask: 0xffffffff max_cycles: 0xffffffff, max_idle_ns: 7645519600211568 ns
[    0.000000] setup_percpu: NR_CPUS:8192 nr_cpumask_bits:2 nr_cpu_ids:2 nr_node_ids:1
[    0.000000] percpu: Embedded 50 pages/cpu s167936 r8192 d28672 u1048576
[    0.000000] PV qspinlock hash table entries: 256 (order: 0, 4096 bytes)
[    0.000000] Built 1 zonelists, mobility grouping on.  Total pages: 515961
[    0.000000] Policy zone: DMA32
[    0.000000] Kernel command line: BOOT_IMAGE=/boot/vmlinuz-4.15.0-213-generic root=UUID=f685bb41-0e3b-40c4-89c1-eea0f0583525 ro console=tty1 console=ttyS0
[    0.000000] Memory: 2013968K/2096696K available (12300K kernel code, 2477K rwdata, 4324K rodata, 2480K init, 2720K bss, 82728K reserved, 0K cma-reserved)
[    0.000000] SLUB: HWalign=64, Order=0-3, MinObjects=0, CPUs=2, Nodes=1
[    0.000000] ftrace: allocating 39508 entries in 155 pages
[    0.004000] Hierarchical RCU implementation.
[    0.004000] 	RCU restricting CPUs from NR_CPUS=8192 to nr_cpu_ids=2.
[    0.004000] 	Tasks RCU enabled.
[    0.004000] RCU: Adjusting geometry for rcu_fanout_leaf=16, nr_cpu_ids=2
[    0.004000] NR_IRQS: 524544, nr_irqs: 440, preallocated irqs: 16
[    0.004000] random: crng init done
[    0.004000] Console: colour VGA+ 80x25
[    0.004000] console [tty1] enabled
[    0.004000] console [ttyS0] enabled
[    0.004000] ACPI: Core revision 20170831
[    0.004000] ACPI: 2 ACPI AML tables successfully acquired and loaded
[    0.004000] APIC: Switch to symmetric I/O mode setup
[    0.004000] x2apic enabled
[    0.004000] Switched APIC routing to physical x2apic.
[    0.004000] ..TIMER: vector=0x30 apic1=0 pin1=2 apic2=-1 pin2=-1
[    0.004000] tsc: Detected 2370.546 MHz processor
[    0.004000] Calibrating delay loop (skipped) preset value.. 4741.09 BogoMIPS (lpj=9482184)
[    0.004000] pid_max: default: 32768 minimum: 301
[    0.004000] Security Framework initialized
[    0.004000] Yama: becoming mindful.
[    0.004000] AppArmor: AppArmor initialized
[    0.004000] Dentry cache hash table entries: 262144 (order: 9, 2097152 bytes)
[    0.004000] Inode-cache hash table entries: 131072 (order: 8, 1048576 bytes)
[    0.004000] Mount-cache hash table entries: 4096 (order: 3, 32768 bytes)
[    0.004000] Mountpoint-cache hash table entries: 4096 (order: 3, 32768 bytes)
[    0.004000] Last level iTLB entries: 4KB 1024, 2MB 1024, 4MB 512
[    0.004000] Last level dTLB entries: 4KB 2048, 2MB 2048, 4MB 1024, 1GB 0
[    0.004000] Spectre V1 : Mitigation: usercopy/swapgs barriers and __user pointer sanitization
[    0.004000] Spectre V2 : Mitigation: Retpolines
[    0.004000] Spectre V2 : Spectre v2 / SpectreRSB mitigation: Filling RSB on context switch
[    0.004000] Spectre V2 : Spectre v2 / SpectreRSB : Filling RSB on VMEXIT
[    0.004000] RETBleed: Vulnerable
[    0.004000] Freeing SMP alternatives memory: 36K
[    0.129491] APIC calibration not consistent with PM-Timer: 125ms instead of 100ms
[    0.131350] APIC delta adjusted to PM-Timer: 6449079 (8094239)
[    0.131960] smpboot: CPU0: AMD Ryzen 5 4500U with Radeon Graphics (family: 0x17, model: 0x60, stepping: 0x1)
[    0.132000] Performance Events: PMU not available due to virtualization, using software events only.
[    0.132000] Hierarchical SRCU implementation.
[    0.132000] NMI watchdog: Perf event create on CPU 0 failed with -2
[    0.132000] NMI watchdog: Perf NMI watchdog permanently disabled
[    0.132000] smp: Bringing up secondary CPUs ...
[    0.132068] x86: Booting SMP configuration:
[    0.132572] .... node  #0, CPUs:      #1
[    0.004000] kvm-clock: cpu 1, msr 0:7ff44041, secondary cpu clock
[    0.136035] smp: Brought up 1 node, 2 CPUs
[    0.136489] smpboot: Max logical packages: 1
[    0.140046] smpboot: Total of 2 processors activated (9482.18 BogoMIPS)
[    0.144149] devtmpfs: initialized
[    0.144581] x86/mm: Memory block size: 128MB
[    0.145306] evm: security.selinux
[    0.145649] evm: security.SMACK64
[    0.146000] evm: security.SMACK64EXEC
[    0.146347] evm: security.SMACK64TRANSMUTE
[    0.148032] evm: security.SMACK64MMAP
[    0.148659] evm: security.apparmor
[    0.149015] evm: security.ima
[    0.149324] evm: security.capability
[    0.149745] clocksource: jiffies: mask: 0xffffffff max_cycles: 0xffffffff, max_idle_ns: 7645041785100000 ns
[    0.149927] futex hash table entries: 512 (order: 3, 32768 bytes)
[    0.150766] pinctrl core: initialized pinctrl subsystem
[    0.152199] RTC time:  4:18:04, date: 06/01/24
[    0.153023] NET: Registered protocol family 16
[    0.153737] audit: initializing netlink subsys (disabled)
[    0.156122] audit: type=2000 audit(1717215489.724:1): state=initialized audit_enabled=0 res=1
[    0.157135] cpuidle: using governor ladder
[    0.157135] cpuidle: using governor menu
[    0.157135] ACPI: bus type PCI registered
[    0.157135] acpiphp: ACPI Hot Plug PCI Controller Driver version: 0.5
[    0.160024] PCI: Using configuration type 1 for base access
[    0.160462] PCI: Using configuration type 1 for extended access
[    0.164065] HugeTLB registered 2.00 MiB page size, pre-allocated 0 pages
[    0.165302] ACPI: Added _OSI(Module Device)
[    0.165302] ACPI: Added _OSI(Processor Device)
[    0.165302] ACPI: Added _OSI(3.0 _SCP Extensions)
[    0.165786] ACPI: Added _OSI(Processor Aggregator Device)
[    0.166502] ACPI: Added _OSI(Linux-Dell-Video)
[    0.168012] ACPI: Added _OSI(Linux-Lenovo-NV-HDMI-Audio)
[    0.168456] ACPI: Added _OSI(Linux-HPI-Hybrid-Graphics)
[    0.170527] ACPI: Executed 1 blocks of module-level executable AML code
[    0.172560] ACPI: Interpreter enabled
[    0.173760] ACPI: (supports S0 S5)
[    0.174216] ACPI: Using IOAPIC for interrupt routing
[    0.174970] PCI: Using host bridge windows from ACPI; if necessary, use "pci=nocrs" and report a bug
[    0.176173] ACPI: Enabled 2 GPEs in block 00 to 07
[    0.182310] ACPI: PCI Root Bridge [PCI0] (domain 0000 [bus 00-ff])
[    0.184048] acpi PNP0A03:00: _OSC: OS supports [ExtendedConfig ASPM ClockPM Segments MSI]
[    0.186155] acpi PNP0A03:00: _OSC: platform does not support [PCIeCapability]
[    0.188459] acpi PNP0A03:00: _OSC: not requesting control; platform does not support [PCIeCapability]
[    0.189920] acpi PNP0A03:00: _OSC: OS requested [PCIeHotplug PME AER PCIeCapability]
[    0.191026] acpi PNP0A03:00: _OSC: platform willing to grant [PCIeHotplug PME AER]
[    0.192004] acpi PNP0A03:00: _OSC failed (AE_SUPPORT); disabling ASPM
[    0.193117] PCI host bridge to bus 0000:00
[    0.193669] pci_bus 0000:00: root bus resource [io  0x0000-0x0cf7 window]
[    0.194514] pci_bus 0000:00: root bus resource [io  0x0d00-0xffff window]
[    0.196003] pci_bus 0000:00: root bus resource [mem 0x000a0000-0x000bffff window]
[    0.196970] pci_bus 0000:00: root bus resource [mem 0x80000000-0xfdffffff window]
[    0.198148] pci_bus 0000:00: root bus resource [bus 00-ff]
[    0.201338] pci 0000:00:01.1: legacy IDE quirk: reg 0x10: [io  0x01f0-0x01f7]
[    0.204000] pci 0000:00:01.1: legacy IDE quirk: reg 0x14: [io  0x03f6]
[    0.204030] pci 0000:00:01.1: legacy IDE quirk: reg 0x18: [io  0x0170-0x0177]
[    0.208000] pci 0000:00:01.1: legacy IDE quirk: reg 0x1c: [io  0x0376]
[    0.244199] pci 0000:00:07.0: quirk: [io  0x4000-0x403f] claimed by PIIX4 ACPI
[    0.245240] pci 0000:00:07.0: quirk: [io  0x4100-0x410f] claimed by PIIX4 SMB
[    0.276000] ACPI: PCI Interrupt Link [LNKA] (IRQs 5 9 10 *11)
[    0.276360] ACPI: PCI Interrupt Link [LNKB] (IRQs 5 9 *10 11)
[    0.280160] ACPI: PCI Interrupt Link [LNKC] (IRQs 5 *9 10 11)
[    0.280949] ACPI: PCI Interrupt Link [LNKD] (IRQs 5 9 10 *11)
[    0.284960] SCSI subsystem initialized
[    0.285573] pci 0000:00:02.0: vgaarb: setting as boot VGA device
[    0.285573] pci 0000:00:02.0: vgaarb: VGA device added: decodes=io+mem,owns=io+mem,locks=none
[    0.288017] pci 0000:00:02.0: vgaarb: bridge control possible
[    0.292002] vgaarb: loaded
[    0.292576] ACPI: bus type USB registered
[    0.293240] usbcore: registered new interface driver usbfs
[    0.293977] usbcore: registered new interface driver hub
[    0.296011] usbcore: registered new device driver usb
[    0.296834] EDAC MC: Ver: 3.0.0
[    0.300178] PCI: Using ACPI for IRQ routing
[    0.301322] NetLabel: Initializing
[    0.302097] NetLabel:  domain hash size = 128
[    0.304017] NetLabel:  protocols = UNLABELED CIPSOv4 CALIPSO
[    0.305105] NetLabel:  unlabeled traffic allowed by default
[    0.308838] clocksource: Switched to clocksource kvm-clock
[    0.314363] VFS: Disk quotas dquot_6.6.0
[    0.314363] VFS: Dquot-cache hash table entries: 512 (order 0, 4096 bytes)
[    0.314363] AppArmor: AppArmor Filesystem Enabled
[    0.314363] pnp: PnP ACPI init
[    0.314363] pnp: PnP ACPI: found 3 devices
[    0.337393] clocksource: acpi_pm: mask: 0xffffff max_cycles: 0xffffff, max_idle_ns: 2085701024 ns
[    0.340094] NET: Registered protocol family 2
[    0.340460] IP idents hash table entries: 32768 (order: 6, 262144 bytes)
[    0.342850] TCP established hash table entries: 16384 (order: 5, 131072 bytes)
[    0.344784] TCP bind hash table entries: 16384 (order: 6, 262144 bytes)
[    0.347579] TCP: Hash tables configured (established 16384 bind 16384)
[    0.348702] UDP hash table entries: 1024 (order: 3, 32768 bytes)
[    0.348702] UDP-Lite hash table entries: 1024 (order: 3, 32768 bytes)
[    0.348702] NET: Registered protocol family 1
[    0.348702] pci 0000:00:00.0: Limiting direct PCI/PCI transfers
[    0.348702] pci 0000:00:01.0: Activating ISA DMA hang workarounds
[    0.348702] pci 0000:00:02.0: Video device with shadowed ROM at [mem 0x000c0000-0x000dffff]
[    0.348702] Unpacking initramfs...
[    0.348702] Freeing initrd memory: 20396K
[    0.348702] clocksource: tsc: mask: 0xffffffffffffffff max_cycles: 0x222b87224d9, max_idle_ns: 440795207169 ns
[    0.348702] platform rtc_cmos: registered platform RTC device (no PNP device found)
[    0.348702] Scanning for low memory corruption every 60 seconds
[    0.664379] Initialise system trusted keyrings
[    0.665299] Key type blacklist registered
[    0.666229] workingset: timestamp_bits=36 max_order=19 bucket_order=0
[    0.672046] zbud: loaded
[    0.674742] squashfs: version 4.0 (2009/01/31) Phillip Lougher
[    0.676775] fuse init (API version 7.26)
[    0.679821] Key type asymmetric registered
[    0.680301] Asymmetric key parser 'x509' registered
[    0.681117] Block layer SCSI generic (bsg) driver version 0.4 loaded (major 246)
[    0.682017] io scheduler noop registered
[    0.682972] io scheduler deadline registered
[    0.684988] io scheduler cfq registered (default)
[    0.686939] ACPI: AC Adapter [AC] (on-line)
[    0.688748] input: Power Button as /devices/LNXSYSTM:00/LNXPWRBN:00/input/input0
[    0.690103] ACPI: Power Button [PWRF]
[    0.691096] input: Sleep Button as /devices/LNXSYSTM:00/LNXSLPBN:00/input/input1
[    0.692322] ACPI: Sleep Button [SLPF]
[    0.693717] ACPI: Battery Slot [BAT0] (battery present)
[    0.694361] Serial: 8250/16550 driver, 32 ports, IRQ sharing enabled
[    0.715517] 00:02: ttyS0 at I/O 0x3f8 (irq = 4, base_baud = 115200) is a 16550A
[    0.722484] Linux agpgart interface v0.103
[    0.724808] loop: module loaded
[    0.725749] scsi host0: ata_piix
[    0.726195] scsi host1: ata_piix
[    0.726529] ata1: PATA max UDMA/33 cmd 0x1f0 ctl 0x3f6 bmdma 0xd000 irq 14
[    0.727179] ata2: PATA max UDMA/33 cmd 0x170 ctl 0x376 bmdma 0xd008 irq 15
[    0.728293] tun: Universal TUN/TAP device driver, 1.6
[    0.729073] PPP generic driver version 2.4.2
[    0.729714] ehci_hcd: USB 2.0 'Enhanced' Host Controller (EHCI) Driver
[    0.730592] ehci-pci: EHCI PCI platform driver
[    0.733031] ehci-platform: EHCI generic platform driver
[    0.735835] ohci_hcd: USB 1.1 'Open' Host Controller (OHCI) Driver
[    0.738538] ohci-pci: OHCI PCI platform driver
[    0.739183] ohci-platform: OHCI generic platform driver
[    0.740062] uhci_hcd: USB Universal Host Controller Interface driver
[    0.743992] i8042: PNP: PS/2 Controller [PNP0303:PS2K,PNP0f03:PS2M] at 0x60,0x64 irq 1,12
[    0.746062] serio: i8042 KBD port at 0x60,0x64 irq 1
[    0.747422] serio: i8042 AUX port at 0x60,0x64 irq 12
[    0.748704] mousedev: PS/2 mouse device common for all mice
[    0.751327] input: AT Translated Set 2 keyboard as /devices/platform/i8042/serio0/input/input2
[    0.754982] rtc_cmos rtc_cmos: rtc core: registered rtc_cmos as rtc0
[    0.756258] rtc_cmos rtc_cmos: alarms up to one day, 114 bytes nvram
[    0.758869] i2c /dev entries driver
[    0.759427] device-mapper: uevent: version 1.0.3
[    0.760154] device-mapper: ioctl: 4.37.0-ioctl (2017-09-20) initialised: dm-devel@redhat.com
[    0.761395] ledtrig-cpu: registered to indicate activity on CPUs
[    0.762879] NET: Registered protocol family 10
[    0.773804] Segment Routing with IPv6
[    0.774634] NET: Registered protocol family 17
[    0.779070] Key type dns_resolver registered
[    0.780506] mce: Using 0 MCE banks
[    0.781404] RAS: Correctable Errors collector initialized.
[    0.786320] sched_clock: Marking stable (786006693, 0)->(1072713034, -286706341)
[    0.790676] registered taskstats version 1
[    0.798751] Loading compiled-in X.509 certificates
[    0.813863] Loaded X.509 cert 'Build time autogenerated kernel key: cdc7189136aaa35407544516090e2034d9c28e14'
[    0.819126] Loaded X.509 cert 'Canonical Ltd. Live Patch Signing: 14df34d1a87cf37625abec039ef2bf521249b969'
[    0.820785] Loaded X.509 cert 'Canonical Ltd. Kernel Module Signing: 88f752e560a1e0737e31163a466ad7b70a850c19'
[    0.821889] blacklist: Loading compiled-in revocation X.509 certificates
[    0.822674] Loaded X.509 cert 'Canonical Ltd. Secure Boot Signing: 61482aa2830d0ab2ad5af10b7250da9033ddcef0'
[    0.823846] Loaded X.509 cert 'Canonical Ltd. Secure Boot Signing (2017): 242ade75ac4a15e50d50c84b0d45ff3eae707a03'
[    0.825170] Loaded X.509 cert 'Canonical Ltd. Secure Boot Signing (ESM 2018): 365188c1d374d6b07c3c8f240f8ef722433d6a8b'
[    0.826480] Loaded X.509 cert 'Canonical Ltd. Secure Boot Signing (2019): c0746fd6c5da3ae827864651ad66ae47fe24b3e8'
[    0.827761] Loaded X.509 cert 'Canonical Ltd. Secure Boot Signing (2021 v1): a8d54bbb3825cfb94fa13c9f8a594a195c107b8d'
[    0.829247] Loaded X.509 cert 'Canonical Ltd. Secure Boot Signing (2021 v2): 4cf046892d6fd3c9a5b03f98d845f90851dc6a8c'
[    0.833546] Loaded X.509 cert 'Canonical Ltd. Secure Boot Signing (2021 v3): 100437bb6de6e469b581e61cd66bce3ef4ed53af'
[    0.834884] Loaded X.509 cert 'Canonical Ltd. Secure Boot Signing (Ubuntu Core 2019): c1d57b8f6b743f23ee41f4f7ee292f06eecadfb9'
[    0.837466] zswap: loaded using pool lzo/zbud
[    0.844794] Key type big_key registered
[    0.845530] Key type trusted registered
[    0.848806] Key type encrypted registered
[    0.849580] AppArmor: AppArmor sha1 policy hashing enabled
[    0.850508] ima: No TPM chip found, activating TPM-bypass! (rc=-19)
[    0.852448] ima: Allocated hash algorithm: sha1
[    0.853732] evm: HMAC attrs: 0x1
[    0.854959]   Magic number: 12:765:311
[    0.856580] rtc_cmos rtc_cmos: setting system clock to 2024-06-01 04:18:05 UTC (1717215485)
[    0.857894] BIOS EDD facility v0.16 2004-Jun-25, 0 devices found
[    0.858848] EDD information not available.
[    0.915870] Freeing unused kernel image memory: 2480K
[    0.928278] Write protecting the kernel read-only data: 20480k
[    0.930056] Freeing unused kernel image memory: 2008K
[    0.931045] Freeing unused kernel image memory: 1820K
[    0.943394] x86/mm: Checked W+X mappings: passed, no W+X pages found.
Loading, please wait...
starting version 237
[    1.024450] e1000: Intel(R) PRO/1000 Network Driver - version 7.3.21-k8-NAPI
[    1.025543] e1000: Copyright (c) 1999-2006 Intel Corporation.
[    1.030297] Fusion MPT base driver 3.04.20
[    1.031544] Copyright (c) 1999-2008 LSI Corporation
[    1.042583] Fusion MPT SPI Host driver 3.04.20
[    1.055156] AVX2 version of gcm_enc/dec engaged.
[    1.056743] AES CTR mode by8 optimization enabled
[    1.242766] input: ImExPS/2 Generic Explorer Mouse as /devices/platform/i8042/serio1/input/input4
[    1.411782] e1000 0000:00:03.0 eth0: (PCI:33MHz:32-bit) 02:3b:7b:b7:3b:2d
[    1.412970] e1000 0000:00:03.0 eth0: Intel(R) PRO/1000 Network Connection
[    1.420450] mptbase: ioc0: Initiating bringup
[    1.517070] ioc0: LSI53C1030 A0: Capabilities={Initiator}
[    1.757685] scsi host2: ioc0: LSI53C1030 A0, FwRev=00000000h, Ports=1, MaxQ=256, IRQ=20
[    1.925227] scsi 2:0:0:0: Direct-Access     VBOX     HARDDISK         1.0  PQ: 0 ANSI: 5
[    1.948324] scsi target2:0:0: Beginning Domain Validation
[    1.953390] scsi target2:0:0: Domain Validation skipping write tests
[    1.954374] scsi target2:0:0: Ending Domain Validation
[    1.955030] scsi target2:0:0: asynchronous
[    1.955982] scsi 2:0:1:0: Direct-Access     VBOX     HARDDISK         1.0  PQ: 0 ANSI: 5
[    2.245990] scsi target2:0:1: Beginning Domain Validation
[    2.247345] scsi target2:0:1: Domain Validation skipping write tests
[    2.247977] scsi target2:0:1: Ending Domain Validation
[    2.248513] scsi target2:0:1: asynchronous
[    2.251786] sd 2:0:0:0: [sda] 83886080 512-byte logical blocks: (42.9 GB/40.0 GiB)
[    2.252735] sd 2:0:0:0: Attached scsi generic sg0 type 0
[    2.253080] sd 2:0:0:0: [sda] Write Protect is off
[    2.254513] sd 2:0:0:0: [sda] Incomplete mode parameter data
[    2.255332] sd 2:0:0:0: [sda] Assuming drive cache: write through
[    2.256123] sd 2:0:1:0: [sdb] 20480 512-byte logical blocks: (10.5 MB/10.0 MiB)
[    2.256667] sd 2:0:1:0: Attached scsi generic sg1 type 0
[    2.256893] sd 2:0:1:0: [sdb] Write Protect is off
[    2.258248] sd 2:0:1:0: [sdb] Incomplete mode parameter data
[    2.259122] sd 2:0:1:0: [sdb] Assuming drive cache: write through
[    2.260792]  sda: sda1
[    2.261545] sd 2:0:0:0: [sda] Attached SCSI disk
[    2.261633] sd 2:0:1:0: [sdb] Attached SCSI disk
[    2.284299] e1000 0000:00:08.0 eth1: (PCI:33MHz:32-bit) 08:00:27:71:43:95
[    2.286834] e1000 0000:00:08.0 eth1: Intel(R) PRO/1000 Network Connection
[    2.290992] e1000 0000:00:03.0 enp0s3: renamed from eth0
[    2.306441] e1000 0000:00:08.0 enp0s8: renamed from eth1
Begin: Loading essential drivers ... [    3.680098] raid6: sse2x1   gen()  7453 MB/s
[    3.728161] raid6: sse2x1   xor()  6832 MB/s
[    3.776072] raid6: sse2x2   gen() 15916 MB/s
[    3.824267] raid6: sse2x2   xor()  9358 MB/s
[    3.872239] raid6: sse2x4   gen() 13847 MB/s
[    3.921025] raid6: sse2x4   xor()  5828 MB/s
[    3.968246] raid6: avx2x1   gen() 18092 MB/s
[    4.016693] raid6: avx2x1   xor() 14013 MB/s
[    4.064498] raid6: avx2x2   gen() 27970 MB/s
[    4.112086] raid6: avx2x2   xor() 19581 MB/s
[    4.160197] raid6: avx2x4   gen() 26208 MB/s
[    4.208089] raid6: avx2x4   xor()  5588 MB/s
[    4.208970] raid6: using algorithm avx2x2 gen() 27970 MB/s
[    4.210241] raid6: .... xor() 19581 MB/s, rmw enabled
[    4.210974] raid6: using avx2x2 recovery algorithm
[    4.212666] xor: automatically using best checksumming function   avx       
[    4.214171] async_tx: api initialized (async)
done.
Begin: Running /scripts/init-premount ... done.
Begin: Mounting root file system ... Begin: Running /scripts/local-top ... done.
Begin: Running /scripts/local-premount ... [    4.275448] Btrfs loaded, crc32c=crc32c-intel
Scanning for Btrfs filesystems
done.
Begin: Will now check root file system ... fsck from util-linux 2.31.1
[/sbin/fsck.ext4 (1) -- /dev/sda1] fsck.ext4 -a -C0 /dev/sda1 
cloudimg-rootfs: clean, 116891/5120000 files, 1057913/10485499 blocks
done.
[    4.346313] EXT4-fs (sda1): mounted filesystem with ordered data mode. Opts: (null)
done.
Begin: Running /scripts/local-bottom ... done.
Begin: Running /scripts/init-bottom ... done.
[    4.595378] ip_tables: (C) 2000-2006 Netfilter Core Team
[    4.612333] systemd[1]: systemd 237 running in system mode. (+PAM +AUDIT +SELINUX +IMA +APPARMOR +SMACK +SYSVINIT +UTMP +LIBCRYPTSETUP +GCRYPT +GNUTLS +ACL +XZ +LZ4 +SECCOMP +BLKID +ELFUTILS +KMOD -IDN2 +IDN -PCRE2 default-hierarchy=hybrid)
[    4.615333] systemd[1]: Detected virtualization oracle.
[    4.615906] systemd[1]: Detected architecture x86-64.

Welcome to [1mUbuntu 18.04.6 LTS[0m!

[    4.625463] systemd[1]: Set hostname to <ubuntu-bionic>.
[    4.928813] systemd[1]: /usr/lib/systemd/system/grafana-server.service:28: Unknown lvalue 'ProtectClock' in section 'Service'
[    4.930842] systemd[1]: /usr/lib/systemd/system/grafana-server.service:31: Unknown lvalue 'ProtectHostname' in section 'Service'
[    4.932414] systemd[1]: /usr/lib/systemd/system/grafana-server.service:32: Unknown lvalue 'ProtectKernelLogs' in section 'Service'
[    4.936248] systemd[1]: /usr/lib/systemd/system/grafana-server.service:35: Unknown lvalue 'ProtectProc' in section 'Service'
[    4.983799] systemd[1]: Reached target System Time Synchronized.
[[0;32m  OK  [0m] Reached target System Time Synchronized.
[    4.987683] systemd[1]: Created slice System Slice.
[[0;32m  OK  [0m] Created slice System Slice.
[[0;32m  OK  [0m] Listening on Syslog Socket.
[[0;32m  OK  [0m] Created slice system-serial\x2dgetty.slice.
[[0;32m  OK  [0m] Listening on Network Service Netlink Socket.
[[0;32m  OK  [0m] Listening on Journal Socket.
         Starting Load Kernel Modules...
         Mounting Kernel Debug File System...
         Mounting Huge Pages File System...
         Starting Create list of required st…ce nodes for the current kernel...
[[0;32m  OK  [0m] Listening on /dev/initctl Compatibility Named Pipe.
[[0;32m  OK  [0m] Listening on LVM2 poll daemon socket.
[[0;32m  OK  [0m] Listening on Journal Socket (/dev/log).
[[0;32m  OK  [0m] Created slice User and Session Slice.
[[0;32m  OK  [0m] Reached target Slices.
[[0;32m  OK  [0m] Listening on LVM2 metadata daemon socket.
[[0;32m  OK  [0m] Listening on udev Control Socket.
[    5.009327] Loading iSCSI transport class v2.0-870.
[    5.018330] iscsi: registered transport (tcp)
[[0;32m  OK  [0m] Reached target User and Group Name Lookups.
[[0;32m  OK  [0m] Reached target Mounting snaps.
[[0;32m  OK  [0m] Reached target Mounted snaps.
[[0;32m  OK  [0m] Listening on Journal Audit Socket.
         Starting Set the console keyboard layout...
[    5.035536] iscsi: registered transport (iser)
[[0;32m  OK  [0m] Reached target Swap.
[[0;32m  OK  [0m] Started Forward Password Requests to Wall Directory Watch.
         Starting Uncomplicated firewall...
[[0;32m  OK  [0m] Listening on fsck to fsckd communication Socket.
[[0;32m  OK  [0m] Listening on udev Kernel Socket.
         Starting udev Coldplug all Devices...
[[0;32m  OK  [0m] Listening on Device-mapper event daemon FIFOs.
         Starting Monitoring of LVM2 mirrors…ng dmeventd or progress polling...
         Starting Journal Service...
[[0;32m  OK  [0m] Set up automount Arbitrary Executab…rmats File System Automount Point.
         Starting Remount Root and Kernel File Systems...
         Mounting POSIX Message Queue File System...
[[0;32m  OK  [0m] Started Load Kernel Modules.
[[0;32m  OK  [0m] Mounted Kernel Debug File System.
[[0;32m  OK  [0m] Mounted Huge Pages File System.
[[0;32m  OK  [0m] Started Create list of required sta…vice nodes for the current kernel.
[[0;32m  OK  [0m] Started Uncomplicated firewall.
[[0;32m  OK  [0m] Mounted POSIX Message Queue File System.
         Starting Create Static Device Nodes in /dev...
         Mounting FUSE Control File System...
         Starting Apply Kernel Variables...
         Mounting Kernel Configuration File System...
[[0;32m  OK  [0m] Mounted FUSE Control File System.
[[0;32m  OK  [0m] Mounted Kernel Configuration File System.
[    5.157649] EXT4-fs (sda1): re-mounted. Opts: (null)
[[0;32m  OK  [0m] Started Remount Root and Kernel File Systems.
[[0;32m  OK  [0m] Started udev Coldplug all Devices.
         Starting Load/Save Random Seed...
[[0;32m  OK  [0m] Started Journal Service.
[[0;32m  OK  [0m] Started Create Static Device Nodes in /dev.
[[0;32m  OK  [0m] Started LVM2 metadata daemon.
         Starting udev Kernel Device Manager...
         Starting Flush Journal to Persistent Storage...
[[0;32m  OK  [0m] Started Set the console keyboard layout.
[[0;32m  OK  [0m] Started Apply Kernel Variables.
[[0;32m  OK  [0m] Started Load/Save Random Seed.
[[0;32m  OK  [0m] Started udev Kernel Device Manager.
[[0;32m  OK  [0m] Started Dispatch Password Requests to Console Directory Watch.
[[0;32m  OK  [0m] Reached target Local Encrypted Volumes.
[[0;32m  OK  [0m] Started Monitoring of LVM2 mirrors,…sing dmeventd or progress polling.
[[0;32m  OK  [0m] Reached target Local File Systems (Pre).
[[0;32m  OK  [0m] Reached target Local File Systems.
         Starting Tell Plymouth To Write Out Runtime Data...
         Starting AppArmor initialization...
         Starting Set console font and keymap...
         Starting ebtables ruleset management...
[[0;32m  OK  [0m] Started Tell Plymouth To Write Out Runtime Data.
[[0;32m  OK  [0m] Started Set console font and keymap.
[[0;32m  OK  [0m] Started Flush Journal to Persistent Storage.
         Starting Create Volatile Files and Directories...
[[0;32m  OK  [0m] Started Create Volatile Files and Directories.
         Starting Update UTMP about System Boot/Shutdown...
[[0;32m  OK  [0m] Started Update UTMP about System Boot/Shutdown.
[[0;32m  OK  [0m] Found device /dev/ttyS0.
[[0;32m  OK  [0m] Started ebtables ruleset management.
[[0;32m  OK  [0m] Listening on Load/Save RF Kill Switch Status /dev/rfkill Watch.
[[0;32m  OK  [0m] Started AppArmor initialization.
         Starting Load AppArmor profiles managed internally by snapd...
         Starting Initial cloud-init job (pre-networking)...
         Mounting Arbitrary Executable File Formats File System...
[[0;32m  OK  [0m] Mounted Arbitrary Executable File Formats File System.
[[0;32m  OK  [0m] Started Load AppArmor profiles managed internally by snapd.
[    7.879703] cloud-init[561]: Cloud-init v. 23.1.2-0ubuntu0~18.04.1 running 'init-local' at Sat, 01 Jun 2024 04:18:12 +0000. Up 7.65 seconds.
[[0;32m  OK  [0m] Started Initial cloud-init job (pre-networking).
[[0;32m  OK  [0m] Reached target Network (Pre).
         Starting Network Service...
[[0;32m  OK  [0m] Started Network Service.
         Starting Wait for Network to be Configured...
         Starting Network Name Resolution...
[[0;32m  OK  [0m] Started Network Name Resolution.
[[0;32m  OK  [0m] Reached target Network.
[[0;32m  OK  [0m] Reached target Host and Network Name Lookups.
[[0;32m  OK  [0m] Started Wait for Network to be Configured.
         Starting Initial cloud-init job (metadata service crawler)...
[   10.483294] cloud-init[689]: Cloud-init v. 23.1.2-0ubuntu0~18.04.1 running 'init' at Sat, 01 Jun 2024 04:18:14 +0000. Up 10.31 seconds.
[   10.485828] cloud-init[689]: ci-info: ++++++++++++++++++++++++++++++++++++++Net device info+++++++++++++++++++++++++++++++++++++++
[   10.486481] cloud-init[689]: ci-info: +--------+------+-----------------------------+---------------+--------+-------------------+
[   10.486935] cloud-init[689]: ci-info: | Device |  Up  |           Address           |      Mask     | Scope  |     Hw-Address    |
[   10.487398] cloud-init[689]: ci-info: +--------+------+-----------------------------+---------------+--------+-------------------+
[   10.487734] cloud-init[689]: ci-info: | enp0s3 | True |          10.0.2.15          | 255.255.255.0 | global | 02:3b:7b:b7:3b:2d |
[   10.488076] cloud-init[689]: ci-info: | enp0s3 | True |  fe80::3b:7bff:feb7:3b2d/64 |       .       |  link  | 02:3b:7b:b7:3b:2d |
[   10.488425] cloud-init[689]: ci-info: | enp0s8 | True |        192.168.56.10        | 255.255.255.0 | global | 08:00:27:71:43:95 |
[   10.488837] cloud-init[689]: ci-info: | enp0s8 | True | fe80::a00:27ff:fe71:4395/64 |       .       |  link  | 08:00:27:71:43:95 |
[   10.489197] cloud-init[689]: ci-info: |   lo   | True |          127.0.0.1          |   255.0.0.0   |  host  |         .         |
[   10.489546] cloud-init[689]: ci-info: |   lo   | True |           ::1/128           |       .       |  host  |         .         |
[   10.489904] cloud-init[689]: ci-info: +--------+------+-----------------------------+---------------+--------+-------------------+
[   10.490437] cloud-init[689]: ci-info: +++++++++++++++++++++++++++++Route IPv4 info+++++++++++++++++++++++++++++
[   10.490844] cloud-init[689]: ci-info: +-------+--------------+----------+-----------------+-----------+-------+
[   10.491281] cloud-init[689]: ci-info: | Route | Destination  | Gateway  |     Genmask     | Interface | Flags |
[   10.502618] cloud-init[689]: ci-info: +-------+--------------+----------+-----------------+-----------+-------+
[   10.505697] cloud-init[689]: ci-info: |   0   |   0.0.0.0    | 10.0.2.2 |     0.0.0.0     |   enp0s3  |   UG  |
[   10.507536] cloud-init[689]: ci-info: |   1   |   10.0.2.0   | 0.0.0.0  |  255.255.255.0  |   enp0s3  |   U   |
[   10.511282] cloud-init[689]: ci-info: |   2   |   10.0.2.2   | 0.0.0.0  | 255.255.255.255 |   enp0s3  |   UH  |
[   10.512650] cloud-init[689]: ci-info: |   3   | 192.168.56.0 | 0.0.0.0  |  255.255.255.0  |   enp0s8  |   U   |
[   10.513199] cloud-init[689]: ci-info: +-------+--------------+----------+-----------------+-----------+-------+
[   10.513656] cloud-init[689]: ci-info: +++++++++++++++++++Route IPv6 info+++++++++++++++++++
[   10.514093] cloud-init[689]: ci-info: +-------+-------------+---------+-----------+-------+
[   10.514477] cloud-init[689]: ci-info: | Route | Destination | Gateway | Interface | Flags |
[   10.522814] cloud-init[689]: ci-info: +-------+-------------+---------+-----------+-------+
[   10.523789] cloud-init[689]: ci-info: |   1   |  fe80::/64  |    ::   |   enp0s8  |   U   |
[   10.524532] cloud-init[689]: ci-info: |   2   |  fe80::/64  |    ::   |   enp0s3  |   U   |
[   10.524975] cloud-init[689]: ci-info: |   4   |    local    |    ::   |   enp0s3  |   U   |
[   10.525376] cloud-init[689]: ci-info: |   5   |    local    |    ::   |   enp0s8  |   U   |
[   10.538626] cloud-init[689]: ci-info: |   6   |   ff00::/8  |    ::   |   enp0s8  |   U   |
[   10.541464] cloud-init[689]: ci-info: |   7   |   ff00::/8  |    ::   |   enp0s3  |   U   |
[   10.542200] cloud-init[689]: ci-info: +-------+-------------+---------+-----------+-------+
[[0;32m  OK  [0m] Started Initial cloud-init job (metadata service crawler).
[[0;32m  OK  [0m] Reached target System Initialization.
         Starting LXD - unix socket.
[[0;32m  OK  [0m] Started Discard unused blocks once a week.
[[0;32m  OK  [0m] Started Ubuntu Advantage Timer for running repeated jobs.
[[0;32m  OK  [0m] Listening on ACPID Listen Socket.
[[0;32m  OK  [0m] Started Daily Cleanup of Temporary Directories.
[[0;32m  OK  [0m] Started Message of the Day.
[[0;32m  OK  [0m] Listening on cloud-init hotplug hook socket.
[[0;32m  OK  [0m] Listening on Open-iSCSI iscsid Socket.
[[0;32m  OK  [0m] Listening on UUID daemon activation socket.
         Starting Socket activation for snappy daemon.
[[0;32m  OK  [0m] Listening on D-Bus System Message Bus Socket.
[[0;32m  OK  [0m] Started ACPI Events Check.
[[0;32m  OK  [0m] Reached target Paths.
[[0;32m  OK  [0m] Started Daily apt download activities.
[[0;32m  OK  [0m] Started Daily apt upgrade and clean activities.
[[0;32m  OK  [0m] Reached target Timers.
[[0;32m  OK  [0m] Reached target Network is Online.
[[0;32m  OK  [0m] Reached target Remote File Systems (Pre).
         Starting Availability of block devices...
         Mounting /vagrant...
[[0;32m  OK  [0m] Reached target Cloud-config availability.
[[0;32m  OK  [0m] Listening on LXD - unix socket.
[[0;32m  OK  [0m] Listening on Socket activation for snappy daemon.
[[0;32m  OK  [0m] Started Availability of block devices.
[[0;32m  OK  [0m] Reached target Sockets.
[[0;32m  OK  [0m] Reached target Basic System.
         Starting LSB: Record successful boot for GRUB...
         Starting Snap Daemon...
[[0;32m  OK  [0m] Reached target Login Prompts (Pre).
         Starting A high performance web server and a reverse proxy server...
[[0;32m  OK  [0m] Started Monitoring system and time series database.
[[0;32m  OK  [0m] Started Deferred execution scheduler.
         Starting Accounts Service...
         Starting Login Service...
         Starting Dispatcher daemon for systemd-networkd...
[[0;32m  OK  [0m] Started Regular background program processing daemon.
[[0;32m  OK  [0m] Started Prometheus exporter for machine metrics.
[[0;32m  OK  [0m] Started irqbalance daemon.
         Starting LXD - container startup/shutdown...
[[0;32m  OK  [0m] Started FUSE filesystem for LXC.
[[0;32m  OK  [0m] Started Grafana instance.
         Starting Virtualbox guest utils...
[[0;32m  OK  [0m] Started D-Bus System Message Bus.
[[0;32m  OK  [0m] Started Login Service.
[[0;32m  OK  [0m] Started Unattended Upgrades Shutdown.
         Starting System Logging Service...
         Starting OpenBSD Secure Shell server...
[[0;32m  OK  [0m] Mounted /vagrant.
[[0;32m  OK  [0m] Reached target Remote File Systems.
         Starting LSB: automatic crash report generation...
         Starting Permit User Sessions...
[[0;32m  OK  [0m] Started Permit User Sessions.
[[0;32m  OK  [0m] Started LSB: Record successful boot for GRUB.
         Starting Hold until boot process finishes up...
         Starting Terminate Plymouth Boot Screen...
         Starting Authorization Manager...
[[0;32m  OK  [0m] Started Hold until boot process finishes up.
         Starting Set console scheme...
[[0;32m  OK  [0m] Started Serial Getty on ttyS0.
[[0;32m  OK  [0m] Started Terminate Plymouth Boot Screen.
[[0;32m  OK  [0m] Started System Logging Service.
[[0;32m  OK  [0m] Started Authorization Manager.
[[0;32m  OK  [0m] Started Set console scheme.
[[0;32m  OK  [0m] Created slice system-getty.slice.
[[0;32m  OK  [0m] Started Getty on tty1.
[[0;32m  OK  [0m] Reached target Login Prompts.
[[0;32m  OK  [0m] Started Accounts Service.
[[0;32m  OK  [0m] Started LSB: automatic crash report generation.
[[0;32m  OK  [0m] Started A high performance web server and a reverse proxy server.
[[0;32m  OK  [0m] Started Virtualbox guest utils.
[[0;32m  OK  [0m] Started OpenBSD Secure Shell server.
[[0;32m  OK  [0m] Started LXD - container startup/shutdown.
[[0;32m  OK  [0m] Started Dispatcher daemon for systemd-networkd.
[[0;32m  OK  [0m] Created slice User Slice of vagrant.
         Starting User Manager for UID 1000...
[[0;32m  OK  [0m] Started Session 1 of user vagrant.
[[0;32m  OK  [0m] Started Snap Daemon.
         Starting Wait until snapd is fully seeded...
[[0;32m  OK  [0m] Started User Manager for UID 1000.
         Starting Time & Date Service...
[[0;32m  OK  [0m] Started Time & Date Service.
[[0;32m  OK  [0m] Started Wait until snapd is fully seeded.
         Starting Apply the settings specified in cloud-config...
[   16.261930] cloud-init[1239]: Cloud-init v. 23.1.2-0ubuntu0~18.04.1 running 'modules:config' at Sat, 01 Jun 2024 04:18:20 +0000. Up 15.84 seconds.
[[0;32m  OK  [0m] Started Apply the settings specified in cloud-config.
[[0;32m  OK  [0m] Reached target Multi-User System.
[[0;32m  OK  [0m] Reached target Graphical Interface.
         Starting Update UTMP about System Runlevel Changes...
         Starting Execute cloud user/final scripts...
[[0;32m  OK  [0m] Started Update UTMP about System Runlevel Changes.
[   17.715899] cloud-init[1289]: Cloud-init v. 23.1.2-0ubuntu0~18.04.1 running 'modules:final' at Sat, 01 Jun 2024 04:18:22 +0000. Up 17.37 seconds.
[   17.716257] cloud-init[1289]: Cloud-init v. 23.1.2-0ubuntu0~18.04.1 finished at Sat, 01 Jun 2024 04:18:22 +0000. Datasource DataSourceNoCloud [seed=/dev/sdb][dsmode=net].  Up 17.70 seconds

Ubuntu 18.04.6 LTS ubuntu-bionic ttyS0

ubuntu-bionic login: [[0;32m  OK  [0m] Closed Load/Save RF Kill Switch Status /dev/rfkill Watch.
         Stopping User Manager for UID 1000...
         Stopping Authorization Manager...
[[0;32m  OK  [0m] Stopped target Timers.
[[0;32m  OK  [0m] Stopped Daily apt upgrade and clean activities.
[[0;32m  OK  [0m] Stopped target Cloud-init target.
[[0;32m  OK  [0m] Stopped Execute cloud user/final scripts.
         Stopping Session 3 of user vagrant.
[[0;32m  OK  [0m] Stopped target Host and Network Name Lookups.
[[0;32m  OK  [0m] Stopped Discard unused blocks once a week.
[[0;32m  OK  [0m] Stopped Message of the Day.
         Stopping Availability of block devices...
[[0;32m  OK  [0m] Stopped Ubuntu Advantage Timer for running repeated jobs.
[[0;32m  OK  [0m] Stopped target Graphical Interface.
[[0;32m  OK  [0m] Stopped target Multi-User System.
         Stopping Virtualbox guest utils...
         Stopping D-Bus System Message Bus...
         Stopping OpenBSD Secure Shell server...
         Stopping LXD - container startup/shutdown...
[[0;32m  OK  [0m] Stopped target Login Prompts.
         Stopping Serial Getty on ttyS0...
         Stopping Getty on tty1...
         Stopping A high performance web server and a reverse proxy server...
         Stopping System Logging Service...
         Stopping Regular background program processing daemon...
         Stopping Deferred execution scheduler...
         Stopping Prometheus exporter for machine metrics...
         Stopping Dispatcher daemon for systemd-networkd...
         Stopping irqbalance daemon...
         Stopping Accounts Service...
         Stopping LSB: Record successful boot for GRUB...
         Stopping Grafana instance...
[[0;32m  OK  [0m] Stopped Daily apt download activities.
[[0;32m  OK  [0m] Stopped target System Time Synchronized.
[[0;32m  OK  [0m] Stopped Apply the settings specified in cloud-config.
[[0;32m  OK  [0m] Stopped target Cloud-config availability.
[[0;32m  OK  [0m] Stopped Wait until snapd is fully seeded.
[[0;32m  OK  [0m] Stopped Daily Cleanup of Temporary Directories.
         Stopping FUSE filesystem for LXC...
         Stopping Monitoring system and time series database...
         Stopping LSB: automatic crash report generation...
[[0;32m  OK  [0m] Stopped Deferred execution scheduler.
[[0;32m  OK  [0m] Stopped Accounts Service.
[[0;32m  OK  [0m] Stopped Dispatcher daemon for systemd-networkd.
[[0;32m  OK  [0m] Stopped Regular background program processing daemon.
[[0;32m  OK  [0m] Stopped Prometheus exporter for machine metrics.
[[0;32m  OK  [0m] Stopped irqbalance daemon.
[[0;32m  OK  [0m] Stopped Grafana instance.
[[0;32m  OK  [0m] Unmounted /var/lib/lxcfs.
[[0;32m  OK  [0m] Stopped System Logging Service.
[[0;32m  OK  [0m] Stopped Authorization Manager.
[[0;32m  OK  [0m] Stopped Serial Getty on ttyS0.
[[0;32m  OK  [0m] Stopped Monitoring system and time series database.
[[0;32m  OK  [0m] Stopped Getty on tty1.
[[0;32m  OK  [0m] Stopped OpenBSD Secure Shell server.
[[0;32m  OK  [0m] Stopped User Manager for UID 1000.
[[0;32m  OK  [0m] Stopped Availability of block devices.
[[0;32m  OK  [0m] Stopped D-Bus System Message Bus.
[[0;32m  OK  [0m] Stopped Session 3 of user vagrant.
[[0;32m  OK  [0m] Stopped FUSE filesystem for LXC.
[[0;32m  OK  [0m] Removed slice User Slice of vagrant.
         Stopping Login Service...
[[0;32m  OK  [0m] Removed slice system-getty.slice.
[[0;32m  OK  [0m] Removed slice system-serial\x2dgetty.slice.
[[0;32m  OK  [0m] Stopped target Login Prompts (Pre).
         Stopping Permit User Sessions...
[[0;32m  OK  [0m] Stopped A high performance web server and a reverse proxy server.
[[0;32m  OK  [0m] Stopped LSB: Record successful boot for GRUB.
[[0;32m  OK  [0m] Stopped LXD - container startup/shutdown.
[[0;32m  OK  [0m] Stopped Permit User Sessions.
[[0;32m  OK  [0m] Stopped Virtualbox guest utils.
[[0;32m  OK  [0m] Stopped LSB: automatic crash report generation.
[[0;32m  OK  [0m] Stopped target Remote File Systems.
         Unmounting /vagrant...
[[0;32m  OK  [0m] Unmounted /vagrant.
[[0;32m  OK  [0m] Stopped Login Service.
[[0;32m  OK  [0m] Stopped target Basic System.
[[0;32m  OK  [0m] Stopped target Slices.
[[0;32m  OK  [0m] Stopped target Sockets.
[[0;32m  OK  [0m] Closed cloud-init hotplug hook socket.
[[0;32m  OK  [0m] Closed Syslog Socket.
[[0;32m  OK  [0m] Closed Open-iSCSI iscsid Socket.
[[0;32m  OK  [0m] Closed ACPID Listen Socket.
[[0;32m  OK  [0m] Closed LXD - unix socket.
[[0;32m  OK  [0m] Closed UUID daemon activation socket.
[[0;32m  OK  [0m] Closed Socket activation for snappy daemon.
[[0;32m  OK  [0m] Stopped target Paths.
[[0;32m  OK  [0m] Stopped ACPI Events Check.
[[0;32m  OK  [0m] Stopped target User and Group Name Lookups.
[[0;32m  OK  [0m] Closed D-Bus System Message Bus Socket.
[[0;32m  OK  [0m] Removed slice User and Session Slice.
[[0;32m  OK  [0m] Stopped target System Initialization.
[[0;32m  OK  [0m] Stopped target Local Encrypted Volumes.
[[0;32m  OK  [0m] Stopped Forward Password Requests to Wall Directory Watch.
[[0;32m  OK  [0m] Stopped Dispatch Password Requests to Console Directory Watch.
         Stopping Load/Save Random Seed...
         Stopping Update UTMP about System Boot/Shutdown...
[[0;32m  OK  [0m] Stopped target Network is Online.
[[0;32m  OK  [0m] Stopped Initial cloud-init job (metadata service crawler).
[[0;32m  OK  [0m] Stopped target Remote File Systems (Pre).
[[0;32m  OK  [0m] Stopped target Network.
         Stopping Network Name Resolution...
[[0;32m  OK  [0m] Stopped Update UTMP about System Boot/Shutdown.
[[0;32m  OK  [0m] Stopped Load/Save Random Seed.
[[0;32m  OK  [0m] Stopped Network Name Resolution.
[[0;32m  OK  [0m] Stopped Create Volatile Files and Directories.
[[0;32m  OK  [0m] Stopped target Local File Systems.
         Unmounting /run/user/1000...
[[0;32m  OK  [0m] Stopped target Mounted snaps.
[[0;32m  OK  [0m] Stopped target Mounting snaps.
         Stopping Network Service...
[[0;32m  OK  [0m] Unmounted /run/user/1000.
[[0;32m  OK  [0m] Reached target Unmount All Filesystems.
[[0;32m  OK  [0m] Stopped target Local File Systems (Pre).
[[0;32m  OK  [0m] Stopped Create Static Device Nodes in /dev.
         Stopping Monitoring of LVM2 mirrors…ng dmeventd or progress polling...
[[0;32m  OK  [0m] Stopped target Swap.
[[0;32m  OK  [0m] Stopped Monitoring of LVM2 mirrors,…sing dmeventd or progress polling.
         Stopping LVM2 metadata daemon...
[[0;32m  OK  [0m] Stopped LVM2 metadata daemon.
[[0;32m  OK  [0m] Stopped Network Service.
[[0;32m  OK  [0m] Stopped target Network (Pre).
[[0;32m  OK  [0m] Stopped Initial cloud-init job (pre-networking).
[[0;32m  OK  [0m] Stopped Remount Root and Kernel File Systems.
[[0;32m  OK  [0m] Stopped Apply Kernel Variables.
[[0;32m  OK  [0m] Stopped Load Kernel Modules.
[[0;32m  OK  [0m] Reached target Shutdown.
[[0;32m  OK  [0m] Reached target Final Step.
         Starting Power-Off...
[  594.130602] reboot: Power down
